INFO  - 2015-01-08 14:15:57.026; org.eclipse.jetty.server.Server; jetty-8.1.10.v20130312
INFO  - 2015-01-08 14:15:57.055; org.eclipse.jetty.deploy.providers.ScanningAppProvider; Deployment monitor /Users/alan/Code/solrnutch/solr-4.10.3/example/contexts at interval 0
INFO  - 2015-01-08 14:15:57.061; org.eclipse.jetty.deploy.DeploymentManager; Deployable added: /Users/alan/Code/solrnutch/solr-4.10.3/example/contexts/solr-jetty-context.xml
INFO  - 2015-01-08 14:15:57.133; org.eclipse.jetty.webapp.WebInfConfiguration; Extract jar:file:/Users/alan/Code/solrnutch/solr-4.10.3/example/webapps/solr.war!/ to /Users/alan/Code/solrnutch/solr-4.10.3/example/solr-webapp/webapp
INFO  - 2015-01-08 14:15:59.510; org.eclipse.jetty.webapp.StandardDescriptorProcessor; NO JSP Support for /solr, did not find org.apache.jasper.servlet.JspServlet
INFO  - 2015-01-08 14:15:59.630; org.apache.solr.servlet.SolrDispatchFilter; SolrDispatchFilter.init()
INFO  - 2015-01-08 14:15:59.662; org.apache.solr.core.SolrResourceLoader; JNDI not configured for solr (NoInitialContextEx)
INFO  - 2015-01-08 14:15:59.668; org.apache.solr.core.SolrResourceLoader; solr home defaulted to 'solr/' (could not find system property or JNDI)
INFO  - 2015-01-08 14:15:59.669; org.apache.solr.core.SolrResourceLoader; new SolrResourceLoader for directory: 'solr/'
INFO  - 2015-01-08 14:15:59.890; org.apache.solr.core.ConfigSolr; Loading container configuration from /Users/alan/Code/solrnutch/solr-4.10.3/example/solr/solr.xml
INFO  - 2015-01-08 14:16:00.078; org.apache.solr.core.CorePropertiesLocator; Config-defined core root directory: /Users/alan/Code/solrnutch/solr-4.10.3/example/solr
INFO  - 2015-01-08 14:16:00.087; org.apache.solr.core.CoreContainer; New CoreContainer 194161124
INFO  - 2015-01-08 14:16:00.087; org.apache.solr.core.CoreContainer; Loading cores into CoreContainer [instanceDir=solr/]
INFO  - 2015-01-08 14:16:00.105; org.apache.solr.handler.component.HttpShardHandlerFactory; Setting socketTimeout to: 0
INFO  - 2015-01-08 14:16:00.106; org.apache.solr.handler.component.HttpShardHandlerFactory; Setting urlScheme to: null
INFO  - 2015-01-08 14:16:00.113; org.apache.solr.handler.component.HttpShardHandlerFactory; Setting connTimeout to: 0
INFO  - 2015-01-08 14:16:00.117; org.apache.solr.handler.component.HttpShardHandlerFactory; Setting maxConnectionsPerHost to: 20
INFO  - 2015-01-08 14:16:00.118; org.apache.solr.handler.component.HttpShardHandlerFactory; Setting corePoolSize to: 0
INFO  - 2015-01-08 14:16:00.119; org.apache.solr.handler.component.HttpShardHandlerFactory; Setting maximumPoolSize to: 2147483647
INFO  - 2015-01-08 14:16:00.120; org.apache.solr.handler.component.HttpShardHandlerFactory; Setting maxThreadIdleTime to: 5
INFO  - 2015-01-08 14:16:00.121; org.apache.solr.handler.component.HttpShardHandlerFactory; Setting sizeOfQueue to: -1
INFO  - 2015-01-08 14:16:00.125; org.apache.solr.handler.component.HttpShardHandlerFactory; Setting fairnessPolicy to: false
INFO  - 2015-01-08 14:16:00.408; org.apache.solr.update.UpdateShardHandler; Creating UpdateShardHandler HTTP client with params: socketTimeout=0&connTimeout=0&retry=false
INFO  - 2015-01-08 14:16:00.411; org.apache.solr.logging.LogWatcher; SLF4J impl is org.slf4j.impl.Log4jLoggerFactory
INFO  - 2015-01-08 14:16:00.413; org.apache.solr.logging.LogWatcher; Registering Log Listener [Log4j (org.slf4j.impl.Log4jLoggerFactory)]
INFO  - 2015-01-08 14:16:00.414; org.apache.solr.core.CoreContainer; Host Name: 
INFO  - 2015-01-08 14:16:00.474; org.apache.solr.core.CorePropertiesLocator; Looking for core definitions underneath /Users/alan/Code/solrnutch/solr-4.10.3/example/solr
INFO  - 2015-01-08 14:16:00.483; org.apache.solr.core.CorePropertiesLocator; Found core collection1 in /Users/alan/Code/solrnutch/solr-4.10.3/example/solr/collection1/
INFO  - 2015-01-08 14:16:00.484; org.apache.solr.core.CorePropertiesLocator; Found 1 core definitions
INFO  - 2015-01-08 14:16:00.488; org.apache.solr.core.SolrResourceLoader; new SolrResourceLoader for directory: '/Users/alan/Code/solrnutch/solr-4.10.3/example/solr/collection1/'
INFO  - 2015-01-08 14:16:00.595; org.apache.solr.core.SolrConfig; Adding specified lib dirs to ClassLoader
INFO  - 2015-01-08 14:16:00.613; org.apache.solr.core.SolrResourceLoader; Adding 'file:/Users/alan/Code/solrnutch/solr-4.10.3/contrib/extraction/lib/apache-mime4j-core-0.7.2.jar' to classloader
INFO  - 2015-01-08 14:16:00.613; org.apache.solr.core.SolrResourceLoader; Adding 'file:/Users/alan/Code/solrnutch/solr-4.10.3/contrib/extraction/lib/apache-mime4j-dom-0.7.2.jar' to classloader
INFO  - 2015-01-08 14:16:00.614; org.apache.solr.core.SolrResourceLoader; Adding 'file:/Users/alan/Code/solrnutch/solr-4.10.3/contrib/extraction/lib/aspectjrt-1.6.11.jar' to classloader
INFO  - 2015-01-08 14:16:00.615; org.apache.solr.core.SolrResourceLoader; Adding 'file:/Users/alan/Code/solrnutch/solr-4.10.3/contrib/extraction/lib/bcmail-jdk15-1.45.jar' to classloader
INFO  - 2015-01-08 14:16:00.616; org.apache.solr.core.SolrResourceLoader; Adding 'file:/Users/alan/Code/solrnutch/solr-4.10.3/contrib/extraction/lib/bcprov-jdk15-1.45.jar' to classloader
INFO  - 2015-01-08 14:16:00.617; org.apache.solr.core.SolrResourceLoader; Adding 'file:/Users/alan/Code/solrnutch/solr-4.10.3/contrib/extraction/lib/boilerpipe-1.1.0.jar' to classloader
INFO  - 2015-01-08 14:16:00.617; org.apache.solr.core.SolrResourceLoader; Adding 'file:/Users/alan/Code/solrnutch/solr-4.10.3/contrib/extraction/lib/commons-compress-1.7.jar' to classloader
INFO  - 2015-01-08 14:16:00.617; org.apache.solr.core.SolrResourceLoader; Adding 'file:/Users/alan/Code/solrnutch/solr-4.10.3/contrib/extraction/lib/dom4j-1.6.1.jar' to classloader
INFO  - 2015-01-08 14:16:00.618; org.apache.solr.core.SolrResourceLoader; Adding 'file:/Users/alan/Code/solrnutch/solr-4.10.3/contrib/extraction/lib/fontbox-1.8.4.jar' to classloader
INFO  - 2015-01-08 14:16:00.618; org.apache.solr.core.SolrResourceLoader; Adding 'file:/Users/alan/Code/solrnutch/solr-4.10.3/contrib/extraction/lib/icu4j-53.1.jar' to classloader
INFO  - 2015-01-08 14:16:00.619; org.apache.solr.core.SolrResourceLoader; Adding 'file:/Users/alan/Code/solrnutch/solr-4.10.3/contrib/extraction/lib/isoparser-1.0-RC-1.jar' to classloader
INFO  - 2015-01-08 14:16:00.619; org.apache.solr.core.SolrResourceLoader; Adding 'file:/Users/alan/Code/solrnutch/solr-4.10.3/contrib/extraction/lib/jdom-1.0.jar' to classloader
INFO  - 2015-01-08 14:16:00.619; org.apache.solr.core.SolrResourceLoader; Adding 'file:/Users/alan/Code/solrnutch/solr-4.10.3/contrib/extraction/lib/jempbox-1.8.4.jar' to classloader
INFO  - 2015-01-08 14:16:00.620; org.apache.solr.core.SolrResourceLoader; Adding 'file:/Users/alan/Code/solrnutch/solr-4.10.3/contrib/extraction/lib/jhighlight-1.0.jar' to classloader
INFO  - 2015-01-08 14:16:00.620; org.apache.solr.core.SolrResourceLoader; Adding 'file:/Users/alan/Code/solrnutch/solr-4.10.3/contrib/extraction/lib/juniversalchardet-1.0.3.jar' to classloader
INFO  - 2015-01-08 14:16:00.621; org.apache.solr.core.SolrResourceLoader; Adding 'file:/Users/alan/Code/solrnutch/solr-4.10.3/contrib/extraction/lib/metadata-extractor-2.6.2.jar' to classloader
INFO  - 2015-01-08 14:16:00.621; org.apache.solr.core.SolrResourceLoader; Adding 'file:/Users/alan/Code/solrnutch/solr-4.10.3/contrib/extraction/lib/pdfbox-1.8.4.jar' to classloader
INFO  - 2015-01-08 14:16:00.621; org.apache.solr.core.SolrResourceLoader; Adding 'file:/Users/alan/Code/solrnutch/solr-4.10.3/contrib/extraction/lib/poi-3.10.1.jar' to classloader
INFO  - 2015-01-08 14:16:00.622; org.apache.solr.core.SolrResourceLoader; Adding 'file:/Users/alan/Code/solrnutch/solr-4.10.3/contrib/extraction/lib/poi-ooxml-3.10.1.jar' to classloader
INFO  - 2015-01-08 14:16:00.622; org.apache.solr.core.SolrResourceLoader; Adding 'file:/Users/alan/Code/solrnutch/solr-4.10.3/contrib/extraction/lib/poi-ooxml-schemas-3.10.1.jar' to classloader
INFO  - 2015-01-08 14:16:00.623; org.apache.solr.core.SolrResourceLoader; Adding 'file:/Users/alan/Code/solrnutch/solr-4.10.3/contrib/extraction/lib/poi-scratchpad-3.10.1.jar' to classloader
INFO  - 2015-01-08 14:16:00.623; org.apache.solr.core.SolrResourceLoader; Adding 'file:/Users/alan/Code/solrnutch/solr-4.10.3/contrib/extraction/lib/rome-0.9.jar' to classloader
INFO  - 2015-01-08 14:16:00.624; org.apache.solr.core.SolrResourceLoader; Adding 'file:/Users/alan/Code/solrnutch/solr-4.10.3/contrib/extraction/lib/tagsoup-1.2.1.jar' to classloader
INFO  - 2015-01-08 14:16:00.624; org.apache.solr.core.SolrResourceLoader; Adding 'file:/Users/alan/Code/solrnutch/solr-4.10.3/contrib/extraction/lib/tika-core-1.5.jar' to classloader
INFO  - 2015-01-08 14:16:00.624; org.apache.solr.core.SolrResourceLoader; Adding 'file:/Users/alan/Code/solrnutch/solr-4.10.3/contrib/extraction/lib/tika-parsers-1.5.jar' to classloader
INFO  - 2015-01-08 14:16:00.625; org.apache.solr.core.SolrResourceLoader; Adding 'file:/Users/alan/Code/solrnutch/solr-4.10.3/contrib/extraction/lib/tika-xmp-1.5.jar' to classloader
INFO  - 2015-01-08 14:16:00.625; org.apache.solr.core.SolrResourceLoader; Adding 'file:/Users/alan/Code/solrnutch/solr-4.10.3/contrib/extraction/lib/vorbis-java-core-0.1.jar' to classloader
INFO  - 2015-01-08 14:16:00.626; org.apache.solr.core.SolrResourceLoader; Adding 'file:/Users/alan/Code/solrnutch/solr-4.10.3/contrib/extraction/lib/vorbis-java-tika-0.1.jar' to classloader
INFO  - 2015-01-08 14:16:00.626; org.apache.solr.core.SolrResourceLoader; Adding 'file:/Users/alan/Code/solrnutch/solr-4.10.3/contrib/extraction/lib/xercesImpl-2.9.1.jar' to classloader
INFO  - 2015-01-08 14:16:00.627; org.apache.solr.core.SolrResourceLoader; Adding 'file:/Users/alan/Code/solrnutch/solr-4.10.3/contrib/extraction/lib/xmlbeans-2.6.0.jar' to classloader
INFO  - 2015-01-08 14:16:00.627; org.apache.solr.core.SolrResourceLoader; Adding 'file:/Users/alan/Code/solrnutch/solr-4.10.3/contrib/extraction/lib/xmpcore-5.1.2.jar' to classloader
INFO  - 2015-01-08 14:16:00.628; org.apache.solr.core.SolrResourceLoader; Adding 'file:/Users/alan/Code/solrnutch/solr-4.10.3/contrib/extraction/lib/xz-1.4.jar' to classloader
INFO  - 2015-01-08 14:16:00.630; org.apache.solr.core.SolrResourceLoader; Adding 'file:/Users/alan/Code/solrnutch/solr-4.10.3/dist/solr-cell-4.10.3.jar' to classloader
INFO  - 2015-01-08 14:16:00.632; org.apache.solr.core.SolrResourceLoader; Adding 'file:/Users/alan/Code/solrnutch/solr-4.10.3/contrib/clustering/lib/attributes-binder-1.2.1.jar' to classloader
INFO  - 2015-01-08 14:16:00.632; org.apache.solr.core.SolrResourceLoader; Adding 'file:/Users/alan/Code/solrnutch/solr-4.10.3/contrib/clustering/lib/carrot2-mini-3.9.0.jar' to classloader
INFO  - 2015-01-08 14:16:00.637; org.apache.solr.core.SolrResourceLoader; Adding 'file:/Users/alan/Code/solrnutch/solr-4.10.3/contrib/clustering/lib/hppc-0.5.2.jar' to classloader
INFO  - 2015-01-08 14:16:00.637; org.apache.solr.core.SolrResourceLoader; Adding 'file:/Users/alan/Code/solrnutch/solr-4.10.3/contrib/clustering/lib/jackson-core-asl-1.9.13.jar' to classloader
INFO  - 2015-01-08 14:16:00.638; org.apache.solr.core.SolrResourceLoader; Adding 'file:/Users/alan/Code/solrnutch/solr-4.10.3/contrib/clustering/lib/jackson-mapper-asl-1.9.13.jar' to classloader
INFO  - 2015-01-08 14:16:00.638; org.apache.solr.core.SolrResourceLoader; Adding 'file:/Users/alan/Code/solrnutch/solr-4.10.3/contrib/clustering/lib/mahout-collections-1.0.jar' to classloader
INFO  - 2015-01-08 14:16:00.639; org.apache.solr.core.SolrResourceLoader; Adding 'file:/Users/alan/Code/solrnutch/solr-4.10.3/contrib/clustering/lib/mahout-math-0.6.jar' to classloader
INFO  - 2015-01-08 14:16:00.639; org.apache.solr.core.SolrResourceLoader; Adding 'file:/Users/alan/Code/solrnutch/solr-4.10.3/contrib/clustering/lib/simple-xml-2.7.jar' to classloader
INFO  - 2015-01-08 14:16:00.641; org.apache.solr.core.SolrResourceLoader; Adding 'file:/Users/alan/Code/solrnutch/solr-4.10.3/dist/solr-clustering-4.10.3.jar' to classloader
INFO  - 2015-01-08 14:16:00.642; org.apache.solr.core.SolrResourceLoader; Adding 'file:/Users/alan/Code/solrnutch/solr-4.10.3/contrib/langid/lib/jsonic-1.2.7.jar' to classloader
INFO  - 2015-01-08 14:16:00.642; org.apache.solr.core.SolrResourceLoader; Adding 'file:/Users/alan/Code/solrnutch/solr-4.10.3/contrib/langid/lib/langdetect-1.1-20120112.jar' to classloader
INFO  - 2015-01-08 14:16:00.643; org.apache.solr.core.SolrResourceLoader; Adding 'file:/Users/alan/Code/solrnutch/solr-4.10.3/dist/solr-langid-4.10.3.jar' to classloader
INFO  - 2015-01-08 14:16:00.644; org.apache.solr.core.SolrResourceLoader; Adding 'file:/Users/alan/Code/solrnutch/solr-4.10.3/contrib/velocity/lib/commons-beanutils-1.8.3.jar' to classloader
INFO  - 2015-01-08 14:16:00.644; org.apache.solr.core.SolrResourceLoader; Adding 'file:/Users/alan/Code/solrnutch/solr-4.10.3/contrib/velocity/lib/commons-collections-3.2.1.jar' to classloader
INFO  - 2015-01-08 14:16:00.645; org.apache.solr.core.SolrResourceLoader; Adding 'file:/Users/alan/Code/solrnutch/solr-4.10.3/contrib/velocity/lib/velocity-1.7.jar' to classloader
INFO  - 2015-01-08 14:16:00.645; org.apache.solr.core.SolrResourceLoader; Adding 'file:/Users/alan/Code/solrnutch/solr-4.10.3/contrib/velocity/lib/velocity-tools-2.0.jar' to classloader
INFO  - 2015-01-08 14:16:00.646; org.apache.solr.core.SolrResourceLoader; Adding 'file:/Users/alan/Code/solrnutch/solr-4.10.3/dist/solr-velocity-4.10.3.jar' to classloader
INFO  - 2015-01-08 14:16:00.832; org.apache.solr.update.SolrIndexConfig; IndexWriter infoStream solr logging is enabled
INFO  - 2015-01-08 14:16:00.839; org.apache.solr.core.SolrConfig; Using Lucene MatchVersion: 4.10.3
INFO  - 2015-01-08 14:16:01.002; org.apache.solr.core.SolrConfig; Loaded SolrConfig: solrconfig.xml
INFO  - 2015-01-08 14:16:01.012; org.apache.solr.schema.IndexSchema; Reading Solr Schema from /Users/alan/Code/solrnutch/solr-4.10.3/example/solr/collection1/conf/schema.xml
INFO  - 2015-01-08 14:16:01.125; org.apache.solr.schema.IndexSchema; [collection1] Schema name=example
INFO  - 2015-01-08 14:16:01.914; org.apache.solr.schema.IndexSchema; unique key field: id
INFO  - 2015-01-08 14:16:01.934; org.apache.solr.rest.RestManager$Registry; Registered ManagedResource impl org.apache.solr.rest.schema.analysis.ManagedWordSetResource for path /schema/analysis/stopwords/english
INFO  - 2015-01-08 14:16:01.935; org.apache.solr.rest.RestManager$Registry; Registered ManagedResource impl org.apache.solr.rest.schema.analysis.ManagedSynonymFilterFactory$SynonymManager for path /schema/analysis/synonyms/english
INFO  - 2015-01-08 14:16:02.018; org.apache.solr.schema.FileExchangeRateProvider; Reloading exchange rates from file currency.xml
INFO  - 2015-01-08 14:16:02.026; org.apache.solr.schema.FileExchangeRateProvider; Reloading exchange rates from file currency.xml
INFO  - 2015-01-08 14:16:02.176; org.apache.solr.core.CoreContainer; Creating SolrCore 'collection1' using configuration from instancedir /Users/alan/Code/solrnutch/solr-4.10.3/example/solr/collection1/
INFO  - 2015-01-08 14:16:02.196; org.apache.solr.core.SolrCore; solr.NRTCachingDirectoryFactory
INFO  - 2015-01-08 14:16:02.203; org.apache.solr.core.SolrCore; [collection1] Opening new SolrCore at /Users/alan/Code/solrnutch/solr-4.10.3/example/solr/collection1/, dataDir=/Users/alan/Code/solrnutch/solr-4.10.3/example/solr/collection1/data/
INFO  - 2015-01-08 14:16:02.208; org.apache.solr.core.JmxMonitoredMap; No JMX servers found, not exposing Solr information with JMX.
INFO  - 2015-01-08 14:16:02.217; org.apache.solr.core.SolrCore; [collection1] Added SolrEventListener for newSearcher: org.apache.solr.core.QuerySenderListener{queries=[]}
INFO  - 2015-01-08 14:16:02.217; org.apache.solr.core.SolrCore; [collection1] Added SolrEventListener for firstSearcher: org.apache.solr.core.QuerySenderListener{queries=[{q=static firstSearcher warming in solrconfig.xml}]}
INFO  - 2015-01-08 14:16:02.234; org.apache.solr.core.CachingDirectoryFactory; return new directory for /Users/alan/Code/solrnutch/solr-4.10.3/example/solr/collection1/data
INFO  - 2015-01-08 14:16:02.239; org.apache.solr.core.SolrCore; New index directory detected: old=null new=/Users/alan/Code/solrnutch/solr-4.10.3/example/solr/collection1/data/index/
WARN  - 2015-01-08 14:16:02.239; org.apache.solr.core.SolrCore; [collection1] Solr index directory '/Users/alan/Code/solrnutch/solr-4.10.3/example/solr/collection1/data/index' doesn't exist. Creating new index...
INFO  - 2015-01-08 14:16:02.251; org.apache.solr.core.CachingDirectoryFactory; return new directory for /Users/alan/Code/solrnutch/solr-4.10.3/example/solr/collection1/data/index
INFO  - 2015-01-08 14:16:02.301; org.apache.solr.core.SolrDeletionPolicy; SolrDeletionPolicy.onCommit: commits: num=1
	commit{dir=NRTCachingDirectory(MMapDirectory@/Users/alan/Code/solrnutch/solr-4.10.3/example/solr/collection1/data/index lockFactory=NativeFSLockFactory@/Users/alan/Code/solrnutch/solr-4.10.3/example/solr/collection1/data/index; maxCacheMB=48.0 maxMergeSizeMB=4.0),segFN=segments_1,generation=1}
INFO  - 2015-01-08 14:16:02.301; org.apache.solr.core.SolrDeletionPolicy; newest commit generation = 1
INFO  - 2015-01-08 14:16:02.305; org.apache.solr.core.SolrCore; created json: solr.JSONResponseWriter
INFO  - 2015-01-08 14:16:02.305; org.apache.solr.core.SolrCore; adding lazy queryResponseWriter: solr.VelocityResponseWriter
INFO  - 2015-01-08 14:16:02.306; org.apache.solr.core.SolrCore; created velocity: solr.VelocityResponseWriter
INFO  - 2015-01-08 14:16:02.310; org.apache.solr.core.SolrCore; created xslt: solr.XSLTResponseWriter
INFO  - 2015-01-08 14:16:02.310; org.apache.solr.response.XSLTResponseWriter; xsltCacheLifetimeSeconds=5
INFO  - 2015-01-08 14:16:02.418; org.apache.solr.core.SolrCore; no updateRequestProcessorChain defined as default, creating implicit default
INFO  - 2015-01-08 14:16:02.426; org.apache.solr.core.RequestHandlers; created /update: org.apache.solr.handler.UpdateRequestHandler
INFO  - 2015-01-08 14:16:02.427; org.apache.solr.core.RequestHandlers; created /update/json: org.apache.solr.handler.UpdateRequestHandler
INFO  - 2015-01-08 14:16:02.427; org.apache.solr.core.RequestHandlers; created /update/csv: org.apache.solr.handler.UpdateRequestHandler
INFO  - 2015-01-08 14:16:02.427; org.apache.solr.core.RequestHandlers; created /update/json/docs: org.apache.solr.handler.UpdateRequestHandler
INFO  - 2015-01-08 14:16:02.433; org.apache.solr.core.RequestHandlers; created /select: solr.SearchHandler
INFO  - 2015-01-08 14:16:02.433; org.apache.solr.core.RequestHandlers; created /query: solr.SearchHandler
INFO  - 2015-01-08 14:16:02.435; org.apache.solr.core.RequestHandlers; created /get: solr.RealTimeGetHandler
INFO  - 2015-01-08 14:16:02.436; org.apache.solr.core.RequestHandlers; created /export: solr.SearchHandler
INFO  - 2015-01-08 14:16:02.436; org.apache.solr.core.RequestHandlers; created /browse: solr.SearchHandler
WARN  - 2015-01-08 14:16:02.438; org.apache.solr.core.RequestHandlers; Multiple requestHandler registered to the same name: /update ignoring: org.apache.solr.handler.UpdateRequestHandler
INFO  - 2015-01-08 14:16:02.438; org.apache.solr.core.RequestHandlers; created /update: solr.UpdateRequestHandler
INFO  - 2015-01-08 14:16:02.438; org.apache.solr.core.RequestHandlers; adding lazy requestHandler: solr.extraction.ExtractingRequestHandler
INFO  - 2015-01-08 14:16:02.439; org.apache.solr.core.RequestHandlers; created /update/extract: solr.extraction.ExtractingRequestHandler
INFO  - 2015-01-08 14:16:02.439; org.apache.solr.core.RequestHandlers; adding lazy requestHandler: solr.FieldAnalysisRequestHandler
INFO  - 2015-01-08 14:16:02.439; org.apache.solr.core.RequestHandlers; created /analysis/field: solr.FieldAnalysisRequestHandler
INFO  - 2015-01-08 14:16:02.440; org.apache.solr.core.RequestHandlers; adding lazy requestHandler: solr.DocumentAnalysisRequestHandler
INFO  - 2015-01-08 14:16:02.440; org.apache.solr.core.RequestHandlers; created /analysis/document: solr.DocumentAnalysisRequestHandler
INFO  - 2015-01-08 14:16:02.443; org.apache.solr.core.RequestHandlers; created /admin/: solr.admin.AdminHandlers
INFO  - 2015-01-08 14:16:02.447; org.apache.solr.core.RequestHandlers; created /admin/ping: solr.PingRequestHandler
INFO  - 2015-01-08 14:16:02.450; org.apache.solr.core.RequestHandlers; created /debug/dump: solr.DumpRequestHandler
INFO  - 2015-01-08 14:16:02.461; org.apache.solr.core.RequestHandlers; created /replication: solr.ReplicationHandler
INFO  - 2015-01-08 14:16:02.461; org.apache.solr.core.RequestHandlers; adding lazy requestHandler: solr.SearchHandler
INFO  - 2015-01-08 14:16:02.462; org.apache.solr.core.RequestHandlers; created /spell: solr.SearchHandler
INFO  - 2015-01-08 14:16:02.462; org.apache.solr.core.RequestHandlers; adding lazy requestHandler: solr.SearchHandler
INFO  - 2015-01-08 14:16:02.462; org.apache.solr.core.RequestHandlers; created /tvrh: solr.SearchHandler
INFO  - 2015-01-08 14:16:02.462; org.apache.solr.core.RequestHandlers; adding lazy requestHandler: solr.SearchHandler
INFO  - 2015-01-08 14:16:02.462; org.apache.solr.core.RequestHandlers; created /terms: solr.SearchHandler
INFO  - 2015-01-08 14:16:02.463; org.apache.solr.core.RequestHandlers; adding lazy requestHandler: solr.SearchHandler
INFO  - 2015-01-08 14:16:02.463; org.apache.solr.core.RequestHandlers; created /elevate: solr.SearchHandler
INFO  - 2015-01-08 14:16:02.484; org.apache.solr.handler.loader.XMLLoader; xsltCacheLifetimeSeconds=60
INFO  - 2015-01-08 14:16:02.487; org.apache.solr.handler.loader.XMLLoader; xsltCacheLifetimeSeconds=60
INFO  - 2015-01-08 14:16:02.488; org.apache.solr.handler.loader.XMLLoader; xsltCacheLifetimeSeconds=60
INFO  - 2015-01-08 14:16:02.489; org.apache.solr.handler.loader.XMLLoader; xsltCacheLifetimeSeconds=60
INFO  - 2015-01-08 14:16:02.490; org.apache.solr.handler.loader.XMLLoader; xsltCacheLifetimeSeconds=60
INFO  - 2015-01-08 14:16:02.509; org.apache.solr.update.CommitTracker; Hard AutoCommit: if uncommited for 15000ms; 
INFO  - 2015-01-08 14:16:02.509; org.apache.solr.update.CommitTracker; Soft AutoCommit: disabled
INFO  - 2015-01-08 14:16:02.517; org.apache.solr.core.SolrDeletionPolicy; SolrDeletionPolicy.onInit: commits: num=1
	commit{dir=NRTCachingDirectory(MMapDirectory@/Users/alan/Code/solrnutch/solr-4.10.3/example/solr/collection1/data/index lockFactory=NativeFSLockFactory@/Users/alan/Code/solrnutch/solr-4.10.3/example/solr/collection1/data/index; maxCacheMB=48.0 maxMergeSizeMB=4.0),segFN=segments_1,generation=1}
INFO  - 2015-01-08 14:16:02.517; org.apache.solr.core.SolrDeletionPolicy; newest commit generation = 1
INFO  - 2015-01-08 14:16:02.524; org.apache.solr.search.SolrIndexSearcher; Opening Searcher@401e1f8d[collection1] main
INFO  - 2015-01-08 14:16:02.530; org.apache.solr.rest.ManagedResourceStorage$FileStorageIO; File-based storage initialized to use dir: /Users/alan/Code/solrnutch/solr-4.10.3/example/solr/collection1/conf
INFO  - 2015-01-08 14:16:02.531; org.apache.solr.rest.RestManager; Initializing RestManager with initArgs: {storageDir=/Users/alan/Code/solrnutch/solr-4.10.3/example/solr/collection1/conf}
INFO  - 2015-01-08 14:16:02.534; org.apache.solr.rest.ManagedResourceStorage; Reading _rest_managed.json using file:dir=/Users/alan/Code/solrnutch/solr-4.10.3/example/solr/collection1/conf
INFO  - 2015-01-08 14:16:02.541; org.apache.solr.rest.ManagedResourceStorage; Loaded LinkedHashMap at path _rest_managed.json using file:dir=/Users/alan/Code/solrnutch/solr-4.10.3/example/solr/collection1/conf
INFO  - 2015-01-08 14:16:02.542; org.apache.solr.rest.ManagedResource; Loaded initArgs {} for /rest/managed
INFO  - 2015-01-08 14:16:02.542; org.apache.solr.rest.RestManager; Initializing 2 registered ManagedResources
INFO  - 2015-01-08 14:16:02.543; org.apache.solr.rest.ManagedResourceStorage; Reading _schema_analysis_stopwords_english.json using file:dir=/Users/alan/Code/solrnutch/solr-4.10.3/example/solr/collection1/conf
INFO  - 2015-01-08 14:16:02.545; org.apache.solr.rest.ManagedResourceStorage; Loaded LinkedHashMap at path _schema_analysis_stopwords_english.json using file:dir=/Users/alan/Code/solrnutch/solr-4.10.3/example/solr/collection1/conf
INFO  - 2015-01-08 14:16:02.546; org.apache.solr.rest.ManagedResource; Loaded initArgs {ignoreCase=true} for /schema/analysis/stopwords/english
INFO  - 2015-01-08 14:16:02.546; org.apache.solr.rest.schema.analysis.ManagedWordSetResource; Loaded 35 words for /schema/analysis/stopwords/english
INFO  - 2015-01-08 14:16:02.547; org.apache.solr.rest.ManagedResource; Notified 1 observers of /schema/analysis/stopwords/english
INFO  - 2015-01-08 14:16:02.548; org.apache.solr.rest.ManagedResourceStorage; Reading _schema_analysis_synonyms_english.json using file:dir=/Users/alan/Code/solrnutch/solr-4.10.3/example/solr/collection1/conf
INFO  - 2015-01-08 14:16:02.548; org.apache.solr.rest.ManagedResourceStorage; Loaded LinkedHashMap at path _schema_analysis_synonyms_english.json using file:dir=/Users/alan/Code/solrnutch/solr-4.10.3/example/solr/collection1/conf
INFO  - 2015-01-08 14:16:02.548; org.apache.solr.rest.ManagedResource; Loaded initArgs {ignoreCase=true,format=solr} for /schema/analysis/synonyms/english
INFO  - 2015-01-08 14:16:02.550; org.apache.solr.rest.schema.analysis.ManagedSynonymFilterFactory$SynonymManager; Loaded 3 synonym mappings for /schema/analysis/synonyms/english
INFO  - 2015-01-08 14:16:02.553; org.apache.solr.rest.ManagedResource; Notified 1 observers of /schema/analysis/synonyms/english
INFO  - 2015-01-08 14:16:02.553; org.apache.solr.handler.component.SpellCheckComponent; Initializing spell checkers
INFO  - 2015-01-08 14:16:02.561; org.apache.solr.spelling.DirectSolrSpellChecker; init: {name=default,field=text,classname=solr.DirectSolrSpellChecker,distanceMeasure=internal,accuracy=0.5,maxEdits=2,minPrefix=1,maxInspections=5,minQueryLength=4,maxQueryFrequency=0.01}
INFO  - 2015-01-08 14:16:02.568; org.apache.solr.handler.component.SpellCheckComponent; No queryConverter defined, using default converter
INFO  - 2015-01-08 14:16:02.570; org.apache.solr.handler.component.QueryElevationComponent; Loading QueryElevation from: /Users/alan/Code/solrnutch/solr-4.10.3/example/solr/collection1/conf/elevate.xml
INFO  - 2015-01-08 14:16:02.599; org.apache.solr.handler.ReplicationHandler; Commits will be reserved for  10000
INFO  - 2015-01-08 14:16:02.599; org.apache.solr.core.QuerySenderListener; QuerySenderListener sending requests to Searcher@401e1f8d[collection1] main{StandardDirectoryReader(segments_1:1:nrt)}
INFO  - 2015-01-08 14:16:02.600; org.apache.solr.core.CoreContainer; registering core: collection1
INFO  - 2015-01-08 14:16:02.602; org.apache.solr.servlet.SolrDispatchFilter; user.dir=/Users/alan/Code/solrnutch/solr-4.10.3/example
INFO  - 2015-01-08 14:16:02.602; org.apache.solr.servlet.SolrDispatchFilter; SolrDispatchFilter.init() done
INFO  - 2015-01-08 14:16:02.655; org.eclipse.jetty.server.AbstractConnector; Started SocketConnector@0.0.0.0:8983
INFO  - 2015-01-08 14:16:02.673; org.apache.solr.core.SolrCore; [collection1] webapp=null path=null params={event=firstSearcher&q=static+firstSearcher+warming+in+solrconfig.xml&distrib=false} hits=0 status=0 QTime=72 
INFO  - 2015-01-08 14:16:02.674; org.apache.solr.core.QuerySenderListener; QuerySenderListener done.
INFO  - 2015-01-08 14:16:02.674; org.apache.solr.handler.component.SpellCheckComponent$SpellCheckerListener; Loading spell index for spellchecker: default
INFO  - 2015-01-08 14:16:02.674; org.apache.solr.handler.component.SpellCheckComponent$SpellCheckerListener; Loading spell index for spellchecker: wordbreak
INFO  - 2015-01-08 14:16:02.675; org.apache.solr.core.SolrCore; [collection1] Registered new searcher Searcher@401e1f8d[collection1] main{StandardDirectoryReader(segments_1:1:nrt)}
INFO  - 2015-01-08 14:17:32.783; org.eclipse.jetty.server.Server; Graceful shutdown SocketConnector@0.0.0.0:8983
INFO  - 2015-01-08 14:17:32.784; org.eclipse.jetty.server.Server; Graceful shutdown o.e.j.w.WebAppContext{/solr,file:/Users/alan/Code/solrnutch/solr-4.10.3/example/solr-webapp/webapp/},/Users/alan/Code/solrnutch/solr-4.10.3/example/webapps/solr.war
INFO  - 2015-01-08 14:17:33.787; org.apache.solr.core.CoreContainer; Shutting down CoreContainer instance=194161124
INFO  - 2015-01-08 14:17:33.788; org.apache.solr.core.SolrCore; [collection1]  CLOSING SolrCore org.apache.solr.core.SolrCore@aaa517
INFO  - 2015-01-08 14:17:33.789; org.apache.solr.update.DirectUpdateHandler2; closing DirectUpdateHandler2{commits=0,autocommit maxTime=15000ms,autocommits=0,soft autocommits=0,optimizes=0,rollbacks=0,expungeDeletes=0,docsPending=0,adds=0,deletesById=0,deletesByQuery=0,errors=0,cumulative_adds=0,cumulative_deletesById=0,cumulative_deletesByQuery=0,cumulative_errors=0,transaction_logs_total_size=0,transaction_logs_total_number=0}
INFO  - 2015-01-08 14:17:33.789; org.apache.solr.update.SolrCoreState; Closing SolrCoreState
INFO  - 2015-01-08 14:17:33.790; org.apache.solr.update.DefaultSolrCoreState; SolrCoreState ref count has reached 0 - closing IndexWriter
INFO  - 2015-01-08 14:17:33.790; org.apache.solr.update.DefaultSolrCoreState; closing IndexWriter with IndexWriterCloser
INFO  - 2015-01-08 14:17:33.792; org.apache.solr.core.SolrCore; [collection1] Closing main searcher on request.
INFO  - 2015-01-08 14:17:33.793; org.apache.solr.core.CachingDirectoryFactory; Closing NRTCachingDirectoryFactory - 2 directories currently being tracked
INFO  - 2015-01-08 14:17:33.798; org.apache.solr.core.CachingDirectoryFactory; looking to close /Users/alan/Code/solrnutch/solr-4.10.3/example/solr/collection1/data [CachedDir<<refCount=0;path=/Users/alan/Code/solrnutch/solr-4.10.3/example/solr/collection1/data;done=false>>]
INFO  - 2015-01-08 14:17:33.799; org.apache.solr.core.CachingDirectoryFactory; Closing directory: /Users/alan/Code/solrnutch/solr-4.10.3/example/solr/collection1/data
INFO  - 2015-01-08 14:17:33.799; org.apache.solr.core.CachingDirectoryFactory; looking to close /Users/alan/Code/solrnutch/solr-4.10.3/example/solr/collection1/data/index [CachedDir<<refCount=0;path=/Users/alan/Code/solrnutch/solr-4.10.3/example/solr/collection1/data/index;done=false>>]
INFO  - 2015-01-08 14:17:33.799; org.apache.solr.core.CachingDirectoryFactory; Closing directory: /Users/alan/Code/solrnutch/solr-4.10.3/example/solr/collection1/data/index
INFO  - 2015-01-08 14:17:33.800; org.eclipse.jetty.server.handler.ContextHandler; stopped o.e.j.w.WebAppContext{/solr,file:/Users/alan/Code/solrnutch/solr-4.10.3/example/solr-webapp/webapp/},/Users/alan/Code/solrnutch/solr-4.10.3/example/webapps/solr.war
